Note: The following floating-point exceptions are signalling: IEEE_UNDERFLOW_FLAG IEEE_DENORMAL
STOP 3
Note: The following floating-point exceptions are signalling: IEEE_UNDERFLOW_FLAG IEEE_DENORMAL
STOP 3
--------------------------------------------------------------------------
Primary job  terminated normally, but 1 process returned
a non-zero exit code. Per user-direction, the job has been aborted.
--------------------------------------------------------------------------
Note: The following floating-point exceptions are signalling: IEEE_UNDERFLOW_FLAG IEEE_DENORMAL
STOP 3
Note: The following floating-point exceptions are signalling: IEEE_INVALID_FLAG IEEE_DENORMAL
STOP 3
Note: The following floating-point exceptions are signalling: IEEE_UNDERFLOW_FLAG IEEE_DENORMAL
STOP 3
Note: The following floating-point exceptions are signalling: IEEE_INVALID_FLAG IEEE_DENORMAL
STOP 3
Note: The following floating-point exceptions are signalling: IEEE_DENORMAL
STOP 3
Note: The following floating-point exceptions are signalling: IEEE_DENORMAL
STOP 3
--------------------------------------------------------------------------
mpirun detected that one or more processes exited with non-zero status, thus causing
the job to be terminated. The first process to do so was:

  Process name: [[55035,1],0]
  Exit code:    3
--------------------------------------------------------------------------
Note: The following floating-point exceptions are signalling: IEEE_DENORMAL
Note: The following floating-point exceptions are signalling: IEEE_INVALID_FLAG
Note: The following floating-point exceptions are signalling: IEEE_DENORMAL
Note: The following floating-point exceptions are signalling: IEEE_DENORMAL
Note: The following floating-point exceptions are signalling: IEEE_DENORMAL
Note: The following floating-point exceptions are signalling: IEEE_DENORMAL
Note: The following floating-point exceptions are signalling: IEEE_DENORMAL
Note: The following floating-point exceptions are signalling: IEEE_INVALID_FLAG IEEE_DENORMAL
Note: The following floating-point exceptions are signalling: IEEE_DENORMAL
Note: The following floating-point exceptions are signalling: IEEE_INVALID_FLAG
Note: The following floating-point exceptions are signalling: IEEE_DENORMAL
Note: The following floating-point exceptions are signalling: IEEE_DENORMAL
Note: The following floating-point exceptions are signalling: IEEE_DENORMAL
STOP 3
STOP 3
--------------------------------------------------------------------------
Primary job  terminated normally, but 1 process returned
a non-zero exit code. Per user-direction, the job has been aborted.
--------------------------------------------------------------------------
Note: The following floating-point exceptions are signalling: IEEE_INVALID_FLAG IEEE_DENORMAL
STOP 3
Note: The following floating-point exceptions are signalling: IEEE_INVALID_FLAG
STOP 3
Note: The following floating-point exceptions are signalling: IEEE_DENORMAL
STOP 3
Note: The following floating-point exceptions are signalling: IEEE_DENORMAL
STOP 3
STOP 3
Note: The following floating-point exceptions are signalling: IEEE_INVALID_FLAG IEEE_DENORMAL
STOP 3
--------------------------------------------------------------------------
mpirun detected that one or more processes exited with non-zero status, thus causing
the job to be terminated. The first process to do so was:

  Process name: [[54956,1],1]
  Exit code:    3
--------------------------------------------------------------------------
Note: The following floating-point exceptions are signalling: IEEE_DENORMAL
Note: The following floating-point exceptions are signalling: IEEE_INVALID_FLAG IEEE_UNDERFLOW_FLAG IEEE_DENORMAL
Note: The following floating-point exceptions are signalling: IEEE_DENORMAL
Note: The following floating-point exceptions are signalling: IEEE_DENORMAL
Note: The following floating-point exceptions are signalling: IEEE_INVALID_FLAG IEEE_DENORMAL
Note: The following floating-point exceptions are signalling: IEEE_DENORMAL
Note: The following floating-point exceptions are signalling: IEEE_INVALID_FLAG
Note: The following floating-point exceptions are signalling: IEEE_DENORMAL
Note: The following floating-point exceptions are signalling: IEEE_DENORMAL
Note: The following floating-point exceptions are signalling: IEEE_DENORMAL
Note: The following floating-point exceptions are signalling: IEEE_DENORMAL
Note: The following floating-point exceptions are signalling: IEEE_DENORMAL
Note: The following floating-point exceptions are signalling: IEEE_INVALID_FLAG IEEE_DENORMAL
Note: The following floating-point exceptions are signalling: IEEE_DENORMAL
Note: The following floating-point exceptions are signalling: IEEE_DENORMAL
Note: The following floating-point exceptions are signalling: IEEE_INVALID_FLAG
Note: The following floating-point exceptions are signalling: IEEE_DENORMAL
Note: The following floating-point exceptions are signalling: IEEE_DENORMAL
Note: The following floating-point exceptions are signalling: IEEE_DENORMAL
Note: The following floating-point exceptions are signalling: IEEE_DENORMAL
Note: The following floating-point exceptions are signalling: IEEE_DENORMAL
Note: The following floating-point exceptions are signalling: IEEE_DENORMAL
Note: The following floating-point exceptions are signalling: IEEE_INVALID_FLAG
Note: The following floating-point exceptions are signalling: IEEE_DENORMAL
Note: The following floating-point exceptions are signalling: IEEE_DENORMAL
STOP 3
--------------------------------------------------------------------------
Primary job  terminated normally, but 1 process returned
a non-zero exit code. Per user-direction, the job has been aborted.
--------------------------------------------------------------------------
Note: The following floating-point exceptions are signalling: IEEE_DENORMAL
STOP 3
STOP 3
STOP 3
Note: The following floating-point exceptions are signalling: IEEE_DENORMAL
STOP 3
Note: The following floating-point exceptions are signalling: IEEE_DENORMAL
STOP 3
Note: The following floating-point exceptions are signalling: IEEE_DENORMAL
STOP 3
--------------------------------------------------------------------------
mpirun detected that one or more processes exited with non-zero status, thus causing
the job to be terminated. The first process to do so was:

  Process name: [[53510,1],4]
  Exit code:    3
--------------------------------------------------------------------------
Note: The following floating-point exceptions are signalling: IEEE_INVALID_FLAG
Note: The following floating-point exceptions are signalling: IEEE_DENORMAL
Note: The following floating-point exceptions are signalling: IEEE_DENORMAL
Note: The following floating-point exceptions are signalling: IEEE_DENORMAL
Note: The following floating-point exceptions are signalling: IEEE_DENORMAL
Note: The following floating-point exceptions are signalling: IEEE_DENORMAL
Atoms(symbols='Cu', pbc=True, cell=[[0.0, 1.75, 1.75], [1.75, 0.0, 1.75], [1.75, 1.75, 0.0]]) [29]
{'Cu': {'mass': 63.546, 'kind': 1}}
Atoms(symbols='Cu', pbc=True, cell=[[0.0, 1.75, 1.75], [1.75, 0.0, 1.75], [1.75, 1.75, 0.0]]) [29]
{'Cu': {'mass': 63.546, 'kind': 1}}
Atoms(symbols='Cu', pbc=True, cell=[[0.0, 1.75, 1.75], [1.75, 0.0, 1.75], [1.75, 1.75, 0.0]]) [29]
{'Cu': {'mass': 63.546, 'kind': 1}}
Atoms(symbols='Cu', pbc=True, cell=[[0.0, 1.75, 1.75], [1.75, 0.0, 1.75], [1.75, 1.75, 0.0]]) [29]
{'Cu': {'mass': 63.546, 'kind': 1}}
Atoms(symbols='Cu', pbc=True, cell=[[0.0, 1.75, 1.75], [1.75, 0.0, 1.75], [1.75, 1.75, 0.0]]) [29]
{'Cu': {'mass': 63.546, 'kind': 1}}
Atoms(symbols='Cu', pbc=True, cell=[[0.0, 1.75, 1.75], [1.75, 0.0, 1.75], [1.75, 1.75, 0.0]]) [29]
{'Cu': {'mass': 63.546, 'kind': 1}}
Atoms(symbols='Cu', pbc=True, cell=[[0.0, 1.75, 1.75], [1.75, 0.0, 1.75], [1.75, 1.75, 0.0]]) [29]
{'Cu': {'mass': 63.546, 'kind': 1}}
Atoms(symbols='Cu', pbc=True, cell=[[0.0, 1.75, 1.75], [1.75, 0.0, 1.75], [1.75, 1.75, 0.0]]) [29]
{'Cu': {'mass': 63.546, 'kind': 1}}
Atoms(symbols='Cu', pbc=True, cell=[[0.0, 1.75, 1.75], [1.75, 0.0, 1.75], [1.75, 1.75, 0.0]]) [29]
{'Cu': {'mass': 63.546, 'kind': 1}}
Atoms(symbols='Cu', pbc=True, cell=[[0.0, 1.75, 1.75], [1.75, 0.0, 1.75], [1.75, 1.75, 0.0]]) [29]
{'Cu': {'mass': 63.546, 'kind': 1}}
{'energy': -1195.1560753095914, 'force': 0.0, 'pressure': 0.67, 'n_unique_k_points': 47.0}
