Note: The following floating-point exceptions are signalling: IEEE_INVALID_FLAG
Note: The following floating-point exceptions are signalling: IEEE_DENORMAL
Note: The following floating-point exceptions are signalling: IEEE_INVALID_FLAG IEEE_UNDERFLOW_FLAG IEEE_DENORMAL
Note: The following floating-point exceptions are signalling: IEEE_DENORMAL
Note: The following floating-point exceptions are signalling: IEEE_INVALID_FLAG
Note: The following floating-point exceptions are signalling: IEEE_INVALID_FLAG IEEE_UNDERFLOW_FLAG IEEE_DENORMAL
Note: The following floating-point exceptions are signalling: IEEE_INVALID_FLAG
Note: The following floating-point exceptions are signalling: IEEE_INVALID_FLAG
Note: The following floating-point exceptions are signalling: IEEE_INVALID_FLAG
Note: The following floating-point exceptions are signalling: IEEE_INVALID_FLAG
Note: The following floating-point exceptions are signalling: IEEE_INVALID_FLAG IEEE_UNDERFLOW_FLAG IEEE_DENORMAL
Note: The following floating-point exceptions are signalling: IEEE_INVALID_FLAG
Atoms(symbols='Fe', pbc=True, cell=[[-1.4023197098499998, 1.4023197098499998, 1.4023197098499998], [1.4023197098499998, -1.4023197098499998, 1.4023197098499998], [1.4023197098499998, 1.4023197098499998, -1.4023197098499998]]) [26]
{'Fe': {'mass': 55.845, 'kind': 1}}
{'energy': -768.332715313406, 'force': 0.0, 'pressure': -1.67, 'n_unique_k_points': 1.0}
Atoms(symbols='Fe', pbc=True, cell=[[-1.4023197098499998, 1.4023197098499998, 1.4023197098499998], [1.4023197098499998, -1.4023197098499998, 1.4023197098499998], [1.4023197098499998, 1.4023197098499998, -1.4023197098499998]]) [26]
{'Fe': {'mass': 55.845, 'kind': 1}}
{'energy': -758.1007230112931, 'force': 0.0, 'pressure': -15.49, 'n_unique_k_points': 3.0}
Atoms(symbols='Fe', pbc=True, cell=[[-1.4023197098499998, 1.4023197098499998, 1.4023197098499998], [1.4023197098499998, -1.4023197098499998, 1.4023197098499998], [1.4023197098499998, 1.4023197098499998, -1.4023197098499998]]) [26]
{'Fe': {'mass': 55.845, 'kind': 1}}
{'energy': -759.3599582589825, 'force': 0.0, 'pressure': -8.47, 'n_unique_k_points': 4.0}
Atoms(symbols='Fe', pbc=True, cell=[[-1.4023197098499998, 1.4023197098499998, 1.4023197098499998], [1.4023197098499998, -1.4023197098499998, 1.4023197098499998], [1.4023197098499998, 1.4023197098499998, -1.4023197098499998]]) [26]
{'Fe': {'mass': 55.845, 'kind': 1}}
{'energy': -759.1995174183626, 'force': 0.0, 'pressure': -1.07, 'n_unique_k_points': 8.0}
Atoms(symbols='Fe', pbc=True, cell=[[-1.4023197098499998, 1.4023197098499998, 1.4023197098499998], [1.4023197098499998, -1.4023197098499998, 1.4023197098499998], [1.4023197098499998, 1.4023197098499998, -1.4023197098499998]]) [26]
{'Fe': {'mass': 55.845, 'kind': 1}}
{'energy': -759.1573364889904, 'force': 0.0, 'pressure': -2.44, 'n_unique_k_points': 10.0}
Atoms(symbols='Fe', pbc=True, cell=[[-1.4023197098499998, 1.4023197098499998, 1.4023197098499998], [1.4023197098499998, -1.4023197098499998, 1.4023197098499998], [1.4023197098499998, 1.4023197098499998, -1.4023197098499998]]) [26]
{'Fe': {'mass': 55.845, 'kind': 1}}
{'energy': -759.2585039699288, 'force': 0.0, 'pressure': -3.07, 'n_unique_k_points': 16.0}
Atoms(symbols='Fe', pbc=True, cell=[[-1.4023197098499998, 1.4023197098499998, 1.4023197098499998], [1.4023197098499998, -1.4023197098499998, 1.4023197098499998], [1.4023197098499998, 1.4023197098499998, -1.4023197098499998]]) [26]
{'Fe': {'mass': 55.845, 'kind': 1}}
{'energy': -759.2351557757056, 'force': 0.0, 'pressure': -3.14, 'n_unique_k_points': 20.0}
Atoms(symbols='Fe', pbc=True, cell=[[-1.4023197098499998, 1.4023197098499998, 1.4023197098499998], [1.4023197098499998, -1.4023197098499998, 1.4023197098499998], [1.4023197098499998, 1.4023197098499998, -1.4023197098499998]]) [26]
{'Fe': {'mass': 55.845, 'kind': 1}}
{'energy': -759.2202761761297, 'force': 0.0, 'pressure': -2.49, 'n_unique_k_points': 29.0}
Atoms(symbols='Fe', pbc=True, cell=[[-1.4023197098499998, 1.4023197098499998, 1.4023197098499998], [1.4023197098499998, -1.4023197098499998, 1.4023197098499998], [1.4023197098499998, 1.4023197098499998, -1.4023197098499998]]) [26]
{'Fe': {'mass': 55.845, 'kind': 1}}
{'energy': -759.2253671562321, 'force': 0.0, 'pressure': -4.31, 'n_unique_k_points': 35.0}
Atoms(symbols='Fe', pbc=True, cell=[[-1.4023197098499998, 1.4023197098499998, 1.4023197098499998], [1.4023197098499998, -1.4023197098499998, 1.4023197098499998], [1.4023197098499998, 1.4023197098499998, -1.4023197098499998]]) [26]
{'Fe': {'mass': 55.845, 'kind': 1}}
{'energy': -759.2208497923602, 'force': 0.0, 'pressure': -2.27, 'n_unique_k_points': 47.0}
